2021-06-26T07:33:33.106Z - info: [ui] [AppStore] loading 0 repositories from store
2021-06-26T07:33:33.129Z - info: [ui] [Welcome] no sign in step found. ignoring...
2021-06-26T07:33:33.228Z - info: [ui] [Welcome] no sign in step found. ignoring...
2021-06-26T07:33:33.279Z - info: [ui] [Welcome] no sign in step found. ignoring...
2021-06-26T07:33:33.306Z - info: [ui] launching: 2.6.3-linux1 (Linux 5.11.0-7614-generic)
2021-06-26T07:33:33.307Z - info: [ui] execPath: '/usr/lib/github-desktop/github-desktop'
2021-06-26T07:33:33.367Z - info: [ui] [Welcome] no sign in step found. ignoring...
2021-06-26T07:33:33.418Z - info: [ui] [Welcome] no sign in step found. ignoring...
2021-06-26T07:33:33.969Z - info: [ui] Opt in reported.
2021-06-26T07:33:36.349Z - info: [ui] [Welcome] advancing to step: SignInToDotComWithBrowser
2021-06-26T07:33:36.353Z - info: [ui] [SignInStore] initializing OAuth flow
2021-06-26T07:33:36.360Z - info: [main] opening in browser: https://github.com/login/oauth/authorize?client_id=3a723b10ac5575cc5bb9&scope=repo%20user%20workflow&state=fcafc662-4dc9-4b35-a630-cb4dc6971cb6
2021-06-26T07:33:36.362Z - info: [ui] [Welcome] current sign in state not found. ignoring...
2021-06-26T07:33:53.412Z - info: [main] Received possible protocol arguments: 2
2021-06-26T07:33:53.412Z - info: [main] Processing protocol url
2021-06-26T07:33:53.424Z - info: [ui] [Dispatcher] requesting authenticated user
2021-06-26T07:33:53.429Z - info: [ui] [Welcome] kind Authentication is the same as Authentication. ignoring...
2021-06-26T07:33:54.878Z - info: [ui] [SignInStore] account resolved
2021-06-26T07:33:54.878Z - info: [ui] [AppStore] adding account odst0016 (Nathaniel Patterson) to store
2021-06-26T07:33:54.885Z - info: [ui] [Welcome] advancing to step: ConfigureGit
2021-06-26T07:33:54.973Z - info: [ui] [Welcome] no sign in step found. ignoring...
2021-06-26T07:33:54.987Z - info: [ui] [Welcome] no sign in step found. ignoring...
2021-06-26T07:33:58.007Z - info: [ui] [Welcome] no sign in step found. ignoring...
2021-06-26T07:33:59.291Z - info: [ui] [Welcome] advancing to step: UsageOptOut
2021-06-26T07:34:04.338Z - info: [ui] Opt out reported.
2021-06-26T07:34:04.346Z - info: [ui] [Welcome] no sign in step found. ignoring...
2021-06-26T07:34:28.962Z - info: [ui] [AppStore] adding repository at /home/odst0016/.config to store
2021-06-26T07:34:30.386Z - info: [ui] [BranchPruner] No branches to prune.
2021-06-26T07:35:00.325Z - error: [ui] Highlighter worked failed for new contents
Error: timed out
    at /home/odst0016/webpack:/app/src/lib/highlighter/worker.ts:85:14
2021-06-26T07:35:34.652Z - info: [ui] [RepositoryIndicatorUpdater]: Refreshing sidebar indicators for 1 repositories took 0.2s of which 0.0s paused, total 0.2s
